<?xml version="1.0" encoding="UTF-8"?>
<!-- Generated by org.testng.reporters.JUnitReportReporter -->
<testsuite skipped="0" hostname="Neha-07" name="com.basics.SelectCs" tests="1" failures="0" timestamp="08 Feb 2023 13:56:53 GMT" time="10.792" errors="0">
  <testcase name="withoutselectcls" time="10.792" classname="com.basics.SelectCs"/>
</testsuite> <!-- com.basics.SelectCs -->
